{"/home/travis/build/npmtest/node-npmtest-printer/test.js":{"path":"/home/travis/build/npmtest/node-npmtest-printer/test.js","s":{"1":2,"2":2,"3":2,"4":2,"5":2,"6":2,"7":2,"8":1,"9":2,"10":2,"11":1,"12":1,"13":1,"14":1,"15":2,"16":2,"17":2,"18":2,"19":1,"20":1,"21":2,"22":2,"23":2,"24":1,"25":1,"26":1,"27":1,"28":1,"29":1,"30":1,"31":1,"32":1,"33":1,"34":1,"35":1,"36":1,"37":1,"38":1,"39":2,"40":2,"41":1,"42":2,"43":2,"44":1,"45":2,"46":2,"47":1,"48":2,"49":2,"50":1,"51":1,"52":1,"53":1,"54":1},"b":{"1":[2,1,1,1],"2":[1,1,1,1],"3":[1,1],"4":[1,1],"5":[1,1],"6":[1,1],"7":[1,1],"8":[1,1],"9":[1,1],"10":[1,1,1],"11":[1,1],"12":[1,1],"13":[1,1],"14":[1,1],"15":[1,1],"16":[1,1],"17":[1,1]},"f":{"1":2,"2":2,"3":2,"4":2,"5":2,"6":1,"7":1,"8":1,"9":2,"10":2,"11":2,"12":2,"13":1},"fnMap":{"1":{"name":"(anonymous_1)","line":12,"loc":{"start":{"line":12,"column":1},"end":{"line":12,"column":13}}},"2":{"name":"(anonymous_2)","line":19,"loc":{"start":{"line":19,"column":5},"end":{"line":19,"column":17}}},"3":{"name":"(anonymous_3)","line":23,"loc":{"start":{"line":23,"column":24},"end":{"line":23,"column":36}}},"4":{"name":"(anonymous_4)","line":61,"loc":{"start":{"line":61,"column":5},"end":{"line":61,"column":17}}},"5":{"name":"(anonymous_5)","line":82,"loc":{"start":{"line":82,"column":5},"end":{"line":82,"column":17}}},"6":{"name":"(anonymous_6)","line":91,"loc":{"start":{"line":91,"column":77},"end":{"line":94,"column":10}}},"7":{"name":"(anonymous_7)","line":112,"loc":{"start":{"line":112,"column":83},"end":{"line":115,"column":10}},"skip":true},"8":{"name":"(anonymous_8)","line":123,"loc":{"start":{"line":123,"column":77},"end":{"line":126,"column":10}},"skip":true},"9":{"name":"(anonymous_9)","line":139,"loc":{"start":{"line":139,"column":12},"end":{"line":139,"column":40}},"skip":true},"10":{"name":"(anonymous_10)","line":147,"loc":{"start":{"line":147,"column":77},"end":{"line":150,"column":10}},"skip":true},"11":{"name":"(anonymous_11)","line":158,"loc":{"start":{"line":158,"column":83},"end":{"line":161,"column":10}},"skip":true},"12":{"name":"(anonymous_12)","line":169,"loc":{"start":{"line":169,"column":79},"end":{"line":172,"column":10}},"skip":true},"13":{"name":"(anonymous_13)","line":180,"loc":{"start":{"line":180,"column":75},"end":{"line":183,"column":10}},"skip":true}},"statementMap":{"1":{"start":{"line":12,"column":0},"end":{"line":195,"column":5}},"2":{"start":{"line":14,"column":4},"end":{"line":14,"column":14}},"3":{"start":{"line":19,"column":4},"end":{"line":56,"column":9}},"4":{"start":{"line":21,"column":8},"end":{"line":21,"column":19}},"5":{"start":{"line":23,"column":8},"end":{"line":35,"column":13}},"6":{"start":{"line":24,"column":12},"end":{"line":34,"column":13}},"7":{"start":{"line":25,"column":16},"end":{"line":28,"column":30}},"8":{"start":{"line":30,"column":16},"end":{"line":33,"column":27}},"9":{"start":{"line":37,"column":8},"end":{"line":39,"column":21}},"10":{"start":{"line":40,"column":8},"end":{"line":53,"column":9}},"11":{"start":{"line":43,"column":12},"end":{"line":46,"column":14}},"12":{"start":{"line":47,"column":12},"end":{"line":47,"column":18}},"13":{"start":{"line":50,"column":12},"end":{"line":51,"column":33}},"14":{"start":{"line":52,"column":12},"end":{"line":52,"column":18}},"15":{"start":{"line":55,"column":8},"end":{"line":55,"column":35}},"16":{"start":{"line":61,"column":4},"end":{"line":63,"column":9}},"17":{"start":{"line":62,"column":8},"end":{"line":62,"column":15}},"18":{"start":{"line":64,"column":4},"end":{"line":77,"column":5}},"19":{"start":{"line":70,"column":8},"end":{"line":70,"column":14}},"20":{"start":{"line":76,"column":8},"end":{"line":76,"column":14}},"21":{"start":{"line":82,"column":4},"end":{"line":84,"column":9}},"22":{"start":{"line":83,"column":8},"end":{"line":83,"column":15}},"23":{"start":{"line":85,"column":4},"end":{"line":194,"column":5}},"24":{"start":{"line":91,"column":8},"end":{"line":99,"column":10}},"25":{"start":{"line":98,"column":12},"end":{"line":98,"column":35}},"26":{"start":{"line":102,"column":8},"end":{"line":104,"column":63}},"27":{"start":{"line":105,"column":8},"end":{"line":105,"column":14}},"28":{"start":{"line":112,"column":8},"end":{"line":121,"column":10},"skip":true},"29":{"start":{"line":119,"column":12},"end":{"line":119,"column":55},"skip":true},"30":{"start":{"line":120,"column":12},"end":{"line":120,"column":48},"skip":true},"31":{"start":{"line":123,"column":8},"end":{"line":136,"column":10},"skip":true},"32":{"start":{"line":130,"column":12},"end":{"line":130,"column":76},"skip":true},"33":{"start":{"line":131,"column":12},"end":{"line":131,"column":73},"skip":true},"34":{"start":{"line":132,"column":12},"end":{"line":132,"column":74},"skip":true},"35":{"start":{"line":133,"column":12},"end":{"line":133,"column":79},"skip":true},"36":{"start":{"line":134,"column":12},"end":{"line":134,"column":25},"skip":true},"37":{"start":{"line":135,"column":12},"end":{"line":135,"column":45},"skip":true},"38":{"start":{"line":138,"column":8},"end":{"line":145,"column":14},"skip":true},"39":{"start":{"line":143,"column":16},"end":{"line":143,"column":29},"skip":true},"40":{"start":{"line":144,"column":16},"end":{"line":144,"column":55},"skip":true},"41":{"start":{"line":147,"column":8},"end":{"line":156,"column":10},"skip":true},"42":{"start":{"line":154,"column":12},"end":{"line":154,"column":25},"skip":true},"43":{"start":{"line":155,"column":12},"end":{"line":155,"column":45},"skip":true},"44":{"start":{"line":158,"column":8},"end":{"line":167,"column":10},"skip":true},"45":{"start":{"line":165,"column":12},"end":{"line":165,"column":25},"skip":true},"46":{"start":{"line":166,"column":12},"end":{"line":166,"column":48},"skip":true},"47":{"start":{"line":169,"column":8},"end":{"line":178,"column":10},"skip":true},"48":{"start":{"line":176,"column":12},"end":{"line":176,"column":25},"skip":true},"49":{"start":{"line":177,"column":12},"end":{"line":177,"column":46},"skip":true},"50":{"start":{"line":180,"column":8},"end":{"line":189,"column":10},"skip":true},"51":{"start":{"line":187,"column":12},"end":{"line":187,"column":94},"skip":true},"52":{"start":{"line":188,"column":12},"end":{"line":188,"column":48},"skip":true},"53":{"start":{"line":192,"column":8},"end":{"line":192,"column":35},"skip":true},"54":{"start":{"line":193,"column":8},"end":{"line":193,"column":14},"skip":true}},"branchMap":{"1":{"line":25,"type":"binary-expr","locations":[{"start":{"line":25,"column":23},"end":{"line":25,"column":62}},{"start":{"line":26,"column":20},"end":{"line":26,"column":70}},{"start":{"line":27,"column":20},"end":{"line":27,"column":71}},{"start":{"line":28,"column":20},"end":{"line":28,"column":29}}]},"2":{"line":30,"type":"binary-expr","locations":[{"start":{"line":30,"column":23},"end":{"line":30,"column":37}},{"start":{"line":31,"column":20},"end":{"line":31,"column":61}},{"start":{"line":32,"column":20},"end":{"line":32,"column":70}},{"start":{"line":33,"column":20},"end":{"line":33,"column":26}}]},"3":{"line":37,"type":"cond-expr","locations":[{"start":{"line":38,"column":14},"end":{"line":38,"column":20}},{"start":{"line":39,"column":14},"end":{"line":39,"column":20}}]},"4":{"line":40,"type":"switch","locations":[{"start":{"line":42,"column":8},"end":{"line":47,"column":18}},{"start":{"line":49,"column":8},"end":{"line":52,"column":18}}]},"5":{"line":44,"type":"binary-expr","locations":[{"start":{"line":44,"column":16},"end":{"line":44,"column":44}},{"start":{"line":44,"column":48},"end":{"line":44,"column":66}}]},"6":{"line":50,"type":"binary-expr","locations":[{"start":{"line":50,"column":21},"end":{"line":50,"column":49}},{"start":{"line":50,"column":53},"end":{"line":50,"column":72}}]},"7":{"line":64,"type":"switch","locations":[{"start":{"line":69,"column":4},"end":{"line":70,"column":14}},{"start":{"line":75,"column":4},"end":{"line":76,"column":14}}]},"8":{"line":85,"type":"switch","locations":[{"start":{"line":90,"column":4},"end":{"line":105,"column":14}},{"start":{"line":111,"column":4},"end":{"line":193,"column":14},"skip":true}]},"9":{"line":91,"type":"binary-expr","locations":[{"start":{"line":91,"column":42},"end":{"line":91,"column":73}},{"start":{"line":91,"column":77},"end":{"line":99,"column":9}}]},"10":{"line":102,"type":"binary-expr","locations":[{"start":{"line":102,"column":18},"end":{"line":102,"column":32}},{"start":{"line":103,"column":12},"end":{"line":103,"column":53}},{"start":{"line":104,"column":12},"end":{"line":104,"column":61}}]},"11":{"line":112,"type":"binary-expr","locations":[{"start":{"line":112,"column":45},"end":{"line":112,"column":79},"skip":true},{"start":{"line":112,"column":83},"end":{"line":121,"column":9},"skip":true}]},"12":{"line":123,"type":"binary-expr","locations":[{"start":{"line":123,"column":42},"end":{"line":123,"column":73},"skip":true},{"start":{"line":123,"column":77},"end":{"line":136,"column":9},"skip":true}]},"13":{"line":138,"type":"binary-expr","locations":[{"start":{"line":138,"column":48},"end":{"line":138,"column":85},"skip":true},{"start":{"line":139,"column":12},"end":{"line":145,"column":13},"skip":true}]},"14":{"line":147,"type":"binary-expr","locations":[{"start":{"line":147,"column":42},"end":{"line":147,"column":73},"skip":true},{"start":{"line":147,"column":77},"end":{"line":156,"column":9},"skip":true}]},"15":{"line":158,"type":"binary-expr","locations":[{"start":{"line":158,"column":45},"end":{"line":158,"column":79},"skip":true},{"start":{"line":158,"column":83},"end":{"line":167,"column":9},"skip":true}]},"16":{"line":169,"type":"binary-expr","locations":[{"start":{"line":169,"column":43},"end":{"line":169,"column":75},"skip":true},{"start":{"line":169,"column":79},"end":{"line":178,"column":9},"skip":true}]},"17":{"line":180,"type":"binary-expr","locations":[{"start":{"line":180,"column":41},"end":{"line":180,"column":71},"skip":true},{"start":{"line":180,"column":75},"end":{"line":189,"column":9},"skip":true}]}},"code":["/* istanbul instrument in package npmtest_printer */","/*jslint","    bitwise: true,","    browser: true,","    maxerr: 8,","    maxlen: 96,","    node: true,","    nomen: true,","    regexp: true,","    stupid: true","*/","(function () {","    'use strict';","    var local;","","","","    // run shared js-env code - pre-init","    (function () {","        // init local","        local = {};","        // init modeJs","        local.modeJs = (function () {","            try {","                return typeof navigator.userAgent === 'string' &&","                    typeof document.querySelector('body') === 'object' &&","                    typeof XMLHttpRequest.prototype.open === 'function' &&","                    'browser';","            } catch (errorCaughtBrowser) {","                return module.exports &&","                    typeof process.versions.node === 'string' &&","                    typeof require('http').createServer === 'function' &&","                    'node';","            }","        }());","        // init global","        local.global = local.modeJs === 'browser'","            ? window","            : global;","        switch (local.modeJs) {","        // re-init local from window.local","        case 'browser':","            local = local.global.utility2.objectSetDefault(","                local.global.utility2_rollup || local.global.local,","                local.global.utility2","            );","            break;","        // re-init local from example.js","        case 'node':","            local = (local.global.utility2_rollup || require('utility2'))","                .requireReadme();","            break;","        }","        // export local","        local.global.local = local;","    }());","","","","    // run shared js-env code - function","    (function () {","        return;","    }());","    switch (local.modeJs) {","","","","    // run browser js-env code - function","    case 'browser':","        break;","","","","    // run node js-env code - function","    case 'node':","        break;","    }","","","","    // run shared js-env code - post-init","    (function () {","        return;","    }());","    switch (local.modeJs) {","","","","    // run browser js-env code - post-init","    case 'browser':","        local.testCase_browser_nullCase = local.testCase_browser_nullCase || function (","            options,","            onError","        ) {","        /*","         * this function will test browsers's null-case handling-behavior-behavior","         */","            onError(null, options);","        };","","        // run tests","        local.nop(local.modeTest &&","            document.querySelector('#testRunButton1') &&","            document.querySelector('#testRunButton1').click());","        break;","","","","    // run node js-env code - post-init","    /* istanbul ignore next */","    case 'node':","        local.testCase_buildApidoc_default = local.testCase_buildApidoc_default || function (","            options,","            onError","        ) {","        /*","         * this function will test buildApidoc's default handling-behavior-behavior","         */","            options = { modulePathList: module.paths };","            local.buildApidoc(options, onError);","        };","","        local.testCase_buildApp_default = local.testCase_buildApp_default || function (","            options,","            onError","        ) {","        /*","         * this function will test buildApp's default handling-behavior-behavior","         */","            local.testCase_buildReadme_default(options, local.onErrorThrow);","            local.testCase_buildLib_default(options, local.onErrorThrow);","            local.testCase_buildTest_default(options, local.onErrorThrow);","            local.testCase_buildCustomOrg_default(options, local.onErrorThrow);","            options = [];","            local.buildApp(options, onError);","        };","","        local.testCase_buildCustomOrg_default = local.testCase_buildCustomOrg_default ||","            function (options, onError) {","            /*","             * this function will test buildCustomOrg's default handling-behavior","             */","                options = {};","                local.buildCustomOrg(options, onError);","            };","","        local.testCase_buildLib_default = local.testCase_buildLib_default || function (","            options,","            onError","        ) {","        /*","         * this function will test buildLib's default handling-behavior","         */","            options = {};","            local.buildLib(options, onError);","        };","","        local.testCase_buildReadme_default = local.testCase_buildReadme_default || function (","            options,","            onError","        ) {","        /*","         * this function will test buildReadme's default handling-behavior-behavior","         */","            options = {};","            local.buildReadme(options, onError);","        };","","        local.testCase_buildTest_default = local.testCase_buildTest_default || function (","            options,","            onError","        ) {","        /*","         * this function will test buildTest's default handling-behavior","         */","            options = {};","            local.buildTest(options, onError);","        };","","        local.testCase_webpage_default = local.testCase_webpage_default || function (","            options,","            onError","        ) {","        /*","         * this function will test webpage's default handling-behavior","         */","            options = { modeCoverageMerge: true, url: local.serverLocalHost + '?modeTest=1' };","            local.browserTest(options, onError);","        };","","        // run test-server","        local.testRunServer(local);","        break;","    }","}());",""],"l":{"12":2,"14":2,"19":2,"21":2,"23":2,"24":2,"25":2,"30":1,"37":2,"40":2,"43":1,"47":1,"50":1,"52":1,"55":2,"61":2,"62":2,"64":2,"70":1,"76":1,"82":2,"83":2,"85":2,"91":1,"98":1,"102":1,"105":1,"112":1,"119":1,"120":1,"123":1,"130":1,"131":1,"132":1,"133":1,"134":1,"135":1,"138":1,"143":2,"144":2,"147":1,"154":2,"155":2,"158":1,"165":2,"166":2,"169":1,"176":2,"177":2,"180":1,"187":1,"188":1,"192":1,"193":1}},"/home/travis/build/npmtest/node-npmtest-printer/lib.npmtest_printer.js":{"path":"/home/travis/build/npmtest/node-npmtest-printer/lib.npmtest_printer.js","s":{"1":2,"2":2,"3":2,"4":2,"5":2,"6":2,"7":2,"8":1,"9":2,"10":2,"11":2,"12":2,"13":1,"14":1,"15":1,"16":1},"b":{"1":[2,1,1,1],"2":[1,1,1,1],"3":[1,1],"4":[2,2],"5":[1,1]},"f":{"1":2,"2":2,"3":2},"fnMap":{"1":{"name":"(anonymous_1)","line":12,"loc":{"start":{"line":12,"column":1},"end":{"line":12,"column":13}}},"2":{"name":"(anonymous_2)","line":19,"loc":{"start":{"line":19,"column":5},"end":{"line":19,"column":17}}},"3":{"name":"(anonymous_3)","line":23,"loc":{"start":{"line":23,"column":24},"end":{"line":23,"column":36}}}},"statementMap":{"1":{"start":{"line":12,"column":0},"end":{"line":53,"column":5}},"2":{"start":{"line":14,"column":4},"end":{"line":14,"column":14}},"3":{"start":{"line":19,"column":4},"end":{"line":52,"column":9}},"4":{"start":{"line":21,"column":8},"end":{"line":21,"column":19}},"5":{"start":{"line":23,"column":8},"end":{"line":35,"column":13}},"6":{"start":{"line":24,"column":12},"end":{"line":34,"column":13}},"7":{"start":{"line":25,"column":16},"end":{"line":28,"column":30}},"8":{"start":{"line":30,"column":16},"end":{"line":33,"column":27}},"9":{"start":{"line":37,"column":8},"end":{"line":39,"column":21}},"10":{"start":{"line":41,"column":8},"end":{"line":41,"column":54}},"11":{"start":{"line":43,"column":8},"end":{"line":43,"column":52}},"12":{"start":{"line":45,"column":8},"end":{"line":51,"column":9}},"13":{"start":{"line":46,"column":12},"end":{"line":46,"column":58}},"14":{"start":{"line":48,"column":12},"end":{"line":48,"column":35}},"15":{"start":{"line":49,"column":12},"end":{"line":49,"column":49}},"16":{"start":{"line":50,"column":12},"end":{"line":50,"column":43}}},"branchMap":{"1":{"line":25,"type":"binary-expr","locations":[{"start":{"line":25,"column":23},"end":{"line":25,"column":62}},{"start":{"line":26,"column":20},"end":{"line":26,"column":70}},{"start":{"line":27,"column":20},"end":{"line":27,"column":71}},{"start":{"line":28,"column":20},"end":{"line":28,"column":29}}]},"2":{"line":30,"type":"binary-expr","locations":[{"start":{"line":30,"column":23},"end":{"line":30,"column":37}},{"start":{"line":31,"column":20},"end":{"line":31,"column":61}},{"start":{"line":32,"column":20},"end":{"line":32,"column":70}},{"start":{"line":33,"column":20},"end":{"line":33,"column":26}}]},"3":{"line":37,"type":"cond-expr","locations":[{"start":{"line":38,"column":14},"end":{"line":38,"column":20}},{"start":{"line":39,"column":14},"end":{"line":39,"column":20}}]},"4":{"line":41,"type":"binary-expr","locations":[{"start":{"line":41,"column":16},"end":{"line":41,"column":44}},{"start":{"line":41,"column":48},"end":{"line":41,"column":53}}]},"5":{"line":45,"type":"if","locations":[{"start":{"line":45,"column":8},"end":{"line":45,"column":8}},{"start":{"line":45,"column":8},"end":{"line":45,"column":8}}]}},"code":["/* istanbul instrument in package npmtest_printer */","/*jslint","    bitwise: true,","    browser: true,","    maxerr: 8,","    maxlen: 96,","    node: true,","    nomen: true,","    regexp: true,","    stupid: true","*/","(function () {","    'use strict';","    var local;","","","","    // run shared js-env code - pre-init","    (function () {","        // init local","        local = {};","        // init modeJs","        local.modeJs = (function () {","            try {","                return typeof navigator.userAgent === 'string' &&","                    typeof document.querySelector('body') === 'object' &&","                    typeof XMLHttpRequest.prototype.open === 'function' &&","                    'browser';","            } catch (errorCaughtBrowser) {","                return module.exports &&","                    typeof process.versions.node === 'string' &&","                    typeof require('http').createServer === 'function' &&","                    'node';","            }","        }());","        // init global","        local.global = local.modeJs === 'browser'","            ? window","            : global;","        // init utility2_rollup","        local = local.global.utility2_rollup || local;","        // init lib","        local.local = local.npmtest_printer = local;","        // init exports","        if (local.modeJs === 'browser') {","            local.global.utility2_npmtest_printer = local;","        } else {","            module.exports = local;","            module.exports.__dirname = __dirname;","            module.exports.module = module;","        }","    }());","}());",""],"l":{"12":2,"14":2,"19":2,"21":2,"23":2,"24":2,"25":2,"30":1,"37":2,"41":2,"43":2,"45":2,"46":1,"48":1,"49":1,"50":1}},"/home/travis/build/npmtest/node-npmtest-printer/example.js":{"path":"/home/travis/build/npmtest/node-npmtest-printer/example.js","s":{"1":2,"2":2,"3":2,"4":2,"5":2,"6":2,"7":2,"8":1,"9":2,"10":2,"11":2,"12":2,"13":1,"14":2,"15":2,"16":2,"17":2,"18":2,"19":0,"20":2,"21":1,"22":1,"23":1,"24":1,"25":1,"26":0,"27":0,"28":1,"29":1,"30":2,"31":0,"32":0,"33":0,"34":1,"35":2,"36":2,"37":3,"38":3,"39":3,"40":3,"41":0,"42":3,"43":3,"44":3,"45":1,"46":3,"47":1,"48":1,"49":1,"50":1,"51":1,"52":1,"53":1,"54":1,"55":1,"56":1,"57":0,"58":1,"59":6,"60":6,"61":1,"62":2,"63":0,"64":2,"65":1,"66":1,"67":0,"68":0,"69":0,"70":0,"71":0,"72":0,"73":0,"74":0,"75":0,"76":0,"77":0,"78":0,"79":0,"80":0,"81":0,"82":0,"83":0},"b":{"1":[2,1,1,1],"2":[1,1,1,1],"3":[1,1],"4":[2,2],"5":[1,1],"6":[1,1],"7":[2,0],"8":[2,1,1,1,1,1],"9":[0,2,0],"10":[1,1],"11":[2,1,1],"12":[1,0],"13":[0,2],"14":[2,0,0,0,0,0,0],"15":[0,3],"16":[3,0],"17":[1,1],"18":[0,1],"19":[1,2,0,2],"20":[1,0],"21":[1,1],"22":[0,0],"23":[0,0],"24":[0,0],"25":[0,0],"26":[0,0],"27":[0,0],"28":[0,0]},"f":{"1":2,"2":2,"3":2,"4":2,"5":2,"6":2,"7":3,"8":3,"9":3,"10":1,"11":6,"12":0},"fnMap":{"1":{"name":"(anonymous_1)","line":26,"loc":{"start":{"line":26,"column":1},"end":{"line":26,"column":13}}},"2":{"name":"(anonymous_2)","line":33,"loc":{"start":{"line":33,"column":5},"end":{"line":33,"column":17}}},"3":{"name":"(anonymous_3)","line":37,"loc":{"start":{"line":37,"column":24},"end":{"line":37,"column":36}}},"4":{"name":"(anonymous_4)","line":69,"loc":{"start":{"line":69,"column":31},"end":{"line":69,"column":48}},"skip":true},"5":{"name":"(anonymous_5)","line":78,"loc":{"start":{"line":78,"column":26},"end":{"line":78,"column":45}},"skip":true},"6":{"name":"(anonymous_6)","line":123,"loc":{"start":{"line":123,"column":33},"end":{"line":123,"column":48}},"skip":true},"7":{"name":"(anonymous_7)","line":125,"loc":{"start":{"line":125,"column":27},"end":{"line":125,"column":39}},"skip":true},"8":{"name":"(anonymous_8)","line":133,"loc":{"start":{"line":133,"column":59},"end":{"line":133,"column":74}},"skip":true},"9":{"name":"(anonymous_9)","line":143,"loc":{"start":{"line":143,"column":45},"end":{"line":143,"column":62}},"skip":true},"10":{"name":"(anonymous_10)","line":144,"loc":{"start":{"line":144,"column":73},"end":{"line":144,"column":92}},"skip":true},"11":{"name":"(anonymous_11)","line":272,"loc":{"start":{"line":272,"column":51},"end":{"line":272,"column":77}},"skip":true},"12":{"name":"(anonymous_12)","line":315,"loc":{"start":{"line":315,"column":32},"end":{"line":315,"column":61}},"skip":true}},"statementMap":{"1":{"start":{"line":26,"column":0},"end":{"line":326,"column":5}},"2":{"start":{"line":28,"column":4},"end":{"line":28,"column":14}},"3":{"start":{"line":33,"column":4},"end":{"line":60,"column":9}},"4":{"start":{"line":35,"column":8},"end":{"line":35,"column":19}},"5":{"start":{"line":37,"column":8},"end":{"line":49,"column":13}},"6":{"start":{"line":38,"column":12},"end":{"line":48,"column":13}},"7":{"start":{"line":39,"column":16},"end":{"line":42,"column":30}},"8":{"start":{"line":44,"column":16},"end":{"line":47,"column":27}},"9":{"start":{"line":51,"column":8},"end":{"line":53,"column":21}},"10":{"start":{"line":55,"column":8},"end":{"line":57,"column":45}},"11":{"start":{"line":59,"column":8},"end":{"line":59,"column":35}},"12":{"start":{"line":61,"column":4},"end":{"line":325,"column":5}},"13":{"start":{"line":69,"column":8},"end":{"line":121,"column":10},"skip":true},"14":{"start":{"line":70,"column":12},"end":{"line":88,"column":13},"skip":true},"15":{"start":{"line":76,"column":16},"end":{"line":87,"column":19},"skip":true},"16":{"start":{"line":79,"column":20},"end":{"line":86,"column":21},"skip":true},"17":{"start":{"line":82,"column":24},"end":{"line":82,"column":43},"skip":true},"18":{"start":{"line":83,"column":24},"end":{"line":83,"column":30},"skip":true},"19":{"start":{"line":85,"column":24},"end":{"line":85,"column":49},"skip":true},"20":{"start":{"line":89,"column":12},"end":{"line":107,"column":13},"skip":true},"21":{"start":{"line":92,"column":16},"end":{"line":102,"column":17},"skip":true},"22":{"start":{"line":93,"column":20},"end":{"line":93,"column":86},"skip":true},"23":{"start":{"line":94,"column":20},"end":{"line":95,"column":45},"skip":true},"24":{"start":{"line":96,"column":20},"end":{"line":96,"column":42},"skip":true},"25":{"start":{"line":97,"column":20},"end":{"line":97,"column":48},"skip":true},"26":{"start":{"line":100,"column":20},"end":{"line":100,"column":85},"skip":true},"27":{"start":{"line":101,"column":20},"end":{"line":101,"column":96},"skip":true},"28":{"start":{"line":103,"column":16},"end":{"line":103,"column":22},"skip":true},"29":{"start":{"line":106,"column":16},"end":{"line":106,"column":22},"skip":true},"30":{"start":{"line":108,"column":12},"end":{"line":120,"column":13},"skip":true},"31":{"start":{"line":114,"column":16},"end":{"line":119,"column":17},"skip":true},"32":{"start":{"line":116,"column":20},"end":{"line":116,"column":78},"skip":true},"33":{"start":{"line":118,"column":20},"end":{"line":118,"column":47},"skip":true},"34":{"start":{"line":123,"column":8},"end":{"line":141,"column":11},"skip":true},"35":{"start":{"line":124,"column":12},"end":{"line":124,"column":54},"skip":true},"36":{"start":{"line":125,"column":12},"end":{"line":140,"column":14},"skip":true},"37":{"start":{"line":126,"column":16},"end":{"line":126,"column":28},"skip":true},"38":{"start":{"line":127,"column":16},"end":{"line":127,"column":69},"skip":true},"39":{"start":{"line":128,"column":16},"end":{"line":128,"column":75},"skip":true},"40":{"start":{"line":129,"column":16},"end":{"line":131,"column":17},"skip":true},"41":{"start":{"line":130,"column":20},"end":{"line":130,"column":27},"skip":true},"42":{"start":{"line":133,"column":16},"end":{"line":137,"column":36},"skip":true},"43":{"start":{"line":134,"column":20},"end":{"line":136,"column":55},"skip":true},"44":{"start":{"line":139,"column":16},"end":{"line":139,"column":57},"skip":true},"45":{"start":{"line":143,"column":8},"end":{"line":147,"column":11},"skip":true},"46":{"start":{"line":144,"column":12},"end":{"line":146,"column":15},"skip":true},"47":{"start":{"line":145,"column":16},"end":{"line":145,"column":70},"skip":true},"48":{"start":{"line":149,"column":8},"end":{"line":149,"column":31},"skip":true},"49":{"start":{"line":150,"column":8},"end":{"line":150,"column":14},"skip":true},"50":{"start":{"line":158,"column":8},"end":{"line":158,"column":31},"skip":true},"51":{"start":{"line":160,"column":8},"end":{"line":160,"column":33},"skip":true},"52":{"start":{"line":161,"column":8},"end":{"line":161,"column":37},"skip":true},"53":{"start":{"line":162,"column":8},"end":{"line":162,"column":35},"skip":true},"54":{"start":{"line":164,"column":8},"end":{"line":164,"column":50},"skip":true},"55":{"start":{"line":166,"column":8},"end":{"line":256,"column":2},"skip":true},"56":{"start":{"line":258,"column":8},"end":{"line":286,"column":9},"skip":true},"57":{"start":{"line":259,"column":12},"end":{"line":269,"column":14},"skip":true},"58":{"start":{"line":271,"column":12},"end":{"line":285,"column":19},"skip":true},"59":{"start":{"line":274,"column":20},"end":{"line":274,"column":35},"skip":true},"60":{"start":{"line":275,"column":20},"end":{"line":284,"column":21},"skip":true},"61":{"start":{"line":277,"column":24},"end":{"line":277,"column":64},"skip":true},"62":{"start":{"line":279,"column":24},"end":{"line":279,"column":40},"skip":true},"63":{"start":{"line":281,"column":24},"end":{"line":281,"column":40},"skip":true},"64":{"start":{"line":283,"column":24},"end":{"line":283,"column":39},"skip":true},"65":{"start":{"line":288,"column":8},"end":{"line":290,"column":9},"skip":true},"66":{"start":{"line":289,"column":12},"end":{"line":289,"column":18},"skip":true},"67":{"start":{"line":291,"column":8},"end":{"line":293,"column":54},"skip":true},"68":{"start":{"line":296,"column":8},"end":{"line":301,"column":37},"skip":true},"69":{"start":{"line":303,"column":8},"end":{"line":303,"column":82},"skip":true},"70":{"start":{"line":306,"column":8},"end":{"line":308,"column":9},"skip":true},"71":{"start":{"line":307,"column":12},"end":{"line":307,"column":82},"skip":true},"72":{"start":{"line":310,"column":8},"end":{"line":312,"column":9},"skip":true},"73":{"start":{"line":311,"column":12},"end":{"line":311,"column":18},"skip":true},"74":{"start":{"line":313,"column":8},"end":{"line":313,"column":54},"skip":true},"75":{"start":{"line":314,"column":8},"end":{"line":314,"column":69},"skip":true},"76":{"start":{"line":315,"column":8},"end":{"line":323,"column":36},"skip":true},"77":{"start":{"line":316,"column":12},"end":{"line":316,"column":61},"skip":true},"78":{"start":{"line":317,"column":12},"end":{"line":320,"column":13},"skip":true},"79":{"start":{"line":318,"column":16},"end":{"line":318,"column":75},"skip":true},"80":{"start":{"line":319,"column":16},"end":{"line":319,"column":23},"skip":true},"81":{"start":{"line":321,"column":12},"end":{"line":321,"column":38},"skip":true},"82":{"start":{"line":322,"column":12},"end":{"line":322,"column":27},"skip":true},"83":{"start":{"line":324,"column":8},"end":{"line":324,"column":14},"skip":true}},"branchMap":{"1":{"line":39,"type":"binary-expr","locations":[{"start":{"line":39,"column":23},"end":{"line":39,"column":62}},{"start":{"line":40,"column":20},"end":{"line":40,"column":70}},{"start":{"line":41,"column":20},"end":{"line":41,"column":71}},{"start":{"line":42,"column":20},"end":{"line":42,"column":29}}]},"2":{"line":44,"type":"binary-expr","locations":[{"start":{"line":44,"column":23},"end":{"line":44,"column":37}},{"start":{"line":45,"column":20},"end":{"line":45,"column":61}},{"start":{"line":46,"column":20},"end":{"line":46,"column":70}},{"start":{"line":47,"column":20},"end":{"line":47,"column":26}}]},"3":{"line":51,"type":"cond-expr","locations":[{"start":{"line":52,"column":14},"end":{"line":52,"column":20}},{"start":{"line":53,"column":14},"end":{"line":53,"column":20}}]},"4":{"line":55,"type":"binary-expr","locations":[{"start":{"line":55,"column":16},"end":{"line":55,"column":44}},{"start":{"line":55,"column":49},"end":{"line":57,"column":43}}]},"5":{"line":55,"type":"cond-expr","locations":[{"start":{"line":56,"column":14},"end":{"line":56,"column":51}},{"start":{"line":57,"column":14},"end":{"line":57,"column":43}}]},"6":{"line":61,"type":"switch","locations":[{"start":{"line":68,"column":4},"end":{"line":150,"column":14},"skip":true},{"start":{"line":156,"column":4},"end":{"line":324,"column":14},"skip":true}]},"7":{"line":70,"type":"if","locations":[{"start":{"line":70,"column":12},"end":{"line":70,"column":12},"skip":true},{"start":{"line":70,"column":12},"end":{"line":70,"column":12},"skip":true}]},"8":{"line":70,"type":"binary-expr","locations":[{"start":{"line":70,"column":16},"end":{"line":70,"column":22},"skip":true},{"start":{"line":70,"column":27},"end":{"line":70,"column":32},"skip":true},{"start":{"line":71,"column":20},"end":{"line":71,"column":39},"skip":true},{"start":{"line":72,"column":20},"end":{"line":72,"column":49},"skip":true},{"start":{"line":73,"column":20},"end":{"line":73,"column":58},"skip":true},{"start":{"line":74,"column":20},"end":{"line":74,"column":69},"skip":true}]},"9":{"line":79,"type":"switch","locations":[{"start":{"line":80,"column":20},"end":{"line":80,"column":33},"skip":true},{"start":{"line":81,"column":20},"end":{"line":83,"column":30},"skip":true},{"start":{"line":84,"column":20},"end":{"line":85,"column":49},"skip":true}]},"10":{"line":89,"type":"switch","locations":[{"start":{"line":90,"column":12},"end":{"line":103,"column":22},"skip":true},{"start":{"line":105,"column":12},"end":{"line":106,"column":22},"skip":true}]},"11":{"line":89,"type":"binary-expr","locations":[{"start":{"line":89,"column":20},"end":{"line":89,"column":25},"skip":true},{"start":{"line":89,"column":29},"end":{"line":89,"column":48},"skip":true},{"start":{"line":89,"column":52},"end":{"line":89,"column":74},"skip":true}]},"12":{"line":92,"type":"if","locations":[{"start":{"line":92,"column":16},"end":{"line":92,"column":16},"skip":true},{"start":{"line":92,"column":16},"end":{"line":92,"column":16},"skip":true}]},"13":{"line":108,"type":"if","locations":[{"start":{"line":108,"column":12},"end":{"line":108,"column":12},"skip":true},{"start":{"line":108,"column":12},"end":{"line":108,"column":12},"skip":true}]},"14":{"line":108,"type":"binary-expr","locations":[{"start":{"line":108,"column":16},"end":{"line":108,"column":61},"skip":true},{"start":{"line":108,"column":66},"end":{"line":108,"column":72},"skip":true},{"start":{"line":108,"column":77},"end":{"line":108,"column":82},"skip":true},{"start":{"line":109,"column":20},"end":{"line":109,"column":39},"skip":true},{"start":{"line":110,"column":20},"end":{"line":110,"column":49},"skip":true},{"start":{"line":111,"column":20},"end":{"line":111,"column":58},"skip":true},{"start":{"line":112,"column":20},"end":{"line":112,"column":68},"skip":true}]},"15":{"line":129,"type":"if","locations":[{"start":{"line":129,"column":16},"end":{"line":129,"column":16},"skip":true},{"start":{"line":129,"column":16},"end":{"line":129,"column":16},"skip":true}]},"16":{"line":134,"type":"cond-expr","locations":[{"start":{"line":135,"column":26},"end":{"line":135,"column":29},"skip":true},{"start":{"line":136,"column":26},"end":{"line":136,"column":54},"skip":true}]},"17":{"line":164,"type":"binary-expr","locations":[{"start":{"line":164,"column":27},"end":{"line":164,"column":43},"skip":true},{"start":{"line":164,"column":47},"end":{"line":164,"column":49},"skip":true}]},"18":{"line":258,"type":"if","locations":[{"start":{"line":258,"column":8},"end":{"line":258,"column":8},"skip":true},{"start":{"line":258,"column":8},"end":{"line":258,"column":8},"skip":true}]},"19":{"line":275,"type":"switch","locations":[{"start":{"line":276,"column":20},"end":{"line":277,"column":64},"skip":true},{"start":{"line":278,"column":20},"end":{"line":279,"column":40},"skip":true},{"start":{"line":280,"column":20},"end":{"line":281,"column":40},"skip":true},{"start":{"line":282,"column":20},"end":{"line":283,"column":39},"skip":true}]},"20":{"line":288,"type":"if","locations":[{"start":{"line":288,"column":8},"end":{"line":288,"column":8},"skip":true},{"start":{"line":288,"column":8},"end":{"line":288,"column":8},"skip":true}]},"21":{"line":288,"type":"binary-expr","locations":[{"start":{"line":288,"column":12},"end":{"line":288,"column":40},"skip":true},{"start":{"line":288,"column":44},"end":{"line":288,"column":67},"skip":true}]},"22":{"line":292,"type":"binary-expr","locations":[{"start":{"line":292,"column":12},"end":{"line":292,"column":50},"skip":true},{"start":{"line":293,"column":12},"end":{"line":293,"column":53},"skip":true}]},"23":{"line":297,"type":"binary-expr","locations":[{"start":{"line":297,"column":12},"end":{"line":297,"column":65},"skip":true},{"start":{"line":298,"column":12},"end":{"line":301,"column":36},"skip":true}]},"24":{"line":303,"type":"binary-expr","locations":[{"start":{"line":303,"column":43},"end":{"line":303,"column":75},"skip":true},{"start":{"line":303,"column":79},"end":{"line":303,"column":81},"skip":true}]},"25":{"line":306,"type":"if","locations":[{"start":{"line":306,"column":8},"end":{"line":306,"column":8},"skip":true},{"start":{"line":306,"column":8},"end":{"line":306,"column":8},"skip":true}]},"26":{"line":310,"type":"if","locations":[{"start":{"line":310,"column":8},"end":{"line":310,"column":8},"skip":true},{"start":{"line":310,"column":8},"end":{"line":310,"column":8},"skip":true}]},"27":{"line":313,"type":"binary-expr","locations":[{"start":{"line":313,"column":27},"end":{"line":313,"column":43},"skip":true},{"start":{"line":313,"column":47},"end":{"line":313,"column":53},"skip":true}]},"28":{"line":317,"type":"if","locations":[{"start":{"line":317,"column":12},"end":{"line":317,"column":12},"skip":true},{"start":{"line":317,"column":12},"end":{"line":317,"column":12},"skip":true}]}},"code":["/*","example.js","","quickstart example","","instruction","    1. save this script as example.js","    2. run the shell command:","        $ npm install npmtest-printer && PORT=8081 node example.js","    3. play with the browser-demo on http://127.0.0.1:8081","*/","","","","/* istanbul instrument in package npmtest_printer */","/*jslint","    bitwise: true,","    browser: true,","    maxerr: 8,","    maxlen: 96,","    node: true,","    nomen: true,","    regexp: true,","    stupid: true","*/","(function () {","    'use strict';","    var local;","","","","    // run shared js-env code - pre-init","    (function () {","        // init local","        local = {};","        // init modeJs","        local.modeJs = (function () {","            try {","                return typeof navigator.userAgent === 'string' &&","                    typeof document.querySelector('body') === 'object' &&","                    typeof XMLHttpRequest.prototype.open === 'function' &&","                    'browser';","            } catch (errorCaughtBrowser) {","                return module.exports &&","                    typeof process.versions.node === 'string' &&","                    typeof require('http').createServer === 'function' &&","                    'node';","            }","        }());","        // init global","        local.global = local.modeJs === 'browser'","            ? window","            : global;","        // init utility2_rollup","        local = local.global.utility2_rollup || (local.modeJs === 'browser'","            ? local.global.utility2_npmtest_printer","            : global.utility2_moduleExports);","        // export local","        local.global.local = local;","    }());","    switch (local.modeJs) {","","","","    // post-init","    // run browser js-env code - post-init","    /* istanbul ignore next */","    case 'browser':","        local.testRunBrowser = function (event) {","            if (!event || (event &&","                    event.currentTarget &&","                    event.currentTarget.className &&","                    event.currentTarget.className.includes &&","                    event.currentTarget.className.includes('onreset'))) {","                // reset output","                Array.from(","                    document.querySelectorAll('body > .resettable')","                ).forEach(function (element) {","                    switch (element.tagName) {","                    case 'INPUT':","                    case 'TEXTAREA':","                        element.value = '';","                        break;","                    default:","                        element.textContent = '';","                    }","                });","            }","            switch (event && event.currentTarget && event.currentTarget.id) {","            case 'testRunButton1':","                // show tests","                if (document.querySelector('#testReportDiv1').style.display === 'none') {","                    document.querySelector('#testReportDiv1').style.display = 'block';","                    document.querySelector('#testRunButton1').textContent =","                        'hide internal test';","                    local.modeTest = true;","                    local.testRunDefault(local);","                // hide tests","                } else {","                    document.querySelector('#testReportDiv1').style.display = 'none';","                    document.querySelector('#testRunButton1').textContent = 'run internal test';","                }","                break;","            // custom-case","            default:","                break;","            }","            if (document.querySelector('#inputTextareaEval1') && (!event || (event &&","                    event.currentTarget &&","                    event.currentTarget.className &&","                    event.currentTarget.className.includes &&","                    event.currentTarget.className.includes('oneval')))) {","                // try to eval input-code","                try {","                    /*jslint evil: true*/","                    eval(document.querySelector('#inputTextareaEval1').value);","                } catch (errorCaught) {","                    console.error(errorCaught);","                }","            }","        };","        // log stderr and stdout to #outputTextareaStdout1","        ['error', 'log'].forEach(function (key) {","            console[key + '_original'] = console[key];","            console[key] = function () {","                var element;","                console[key + '_original'].apply(console, arguments);","                element = document.querySelector('#outputTextareaStdout1');","                if (!element) {","                    return;","                }","                // append text to #outputTextareaStdout1","                element.value += Array.from(arguments).map(function (arg) {","                    return typeof arg === 'string'","                        ? arg","                        : JSON.stringify(arg, null, 4);","                }).join(' ') + '\\n';","                // scroll textarea to bottom","                element.scrollTop = element.scrollHeight;","            };","        });","        // init event-handling","        ['change', 'click', 'keyup'].forEach(function (event) {","            Array.from(document.querySelectorAll('.on' + event)).forEach(function (element) {","                element.addEventListener(event, local.testRunBrowser);","            });","        });","        // run tests","        local.testRunBrowser();","        break;","","","","    // run node js-env code - post-init","    /* istanbul ignore next */","    case 'node':","        // export local","        module.exports = local;","        // require modules","        local.fs = require('fs');","        local.http = require('http');","        local.url = require('url');","        // init assets","        local.assetsDict = local.assetsDict || {};","        /* jslint-ignore-begin */","        local.assetsDict['/assets.index.template.html'] = '\\","<!doctype html>\\n\\","<html lang=\"en\">\\n\\","<head>\\n\\","<meta charset=\"UTF-8\">\\n\\","<meta name=\"viewport\" content=\"width=device-width, initial-scale=1\">\\n\\","<title>{{env.npm_package_name}} (v{{env.npm_package_version}})</title>\\n\\","<style>\\n\\","/*csslint\\n\\","    box-sizing: false,\\n\\","    universal-selector: false\\n\\","*/\\n\\","* {\\n\\","    box-sizing: border-box;\\n\\","}\\n\\","body {\\n\\","    background: #dde;\\n\\","    font-family: Arial, Helvetica, sans-serif;\\n\\","    margin: 2rem;\\n\\","}\\n\\","body > * {\\n\\","    margin-bottom: 1rem;\\n\\","}\\n\\",".utility2FooterDiv {\\n\\","    margin-top: 20px;\\n\\","    text-align: center;\\n\\","}\\n\\","</style>\\n\\","<style>\\n\\","/*csslint\\n\\","*/\\n\\","textarea {\\n\\","    font-family: monospace;\\n\\","    height: 10rem;\\n\\","    width: 100%;\\n\\","}\\n\\","textarea[readonly] {\\n\\","    background: #ddd;\\n\\","}\\n\\","</style>\\n\\","</head>\\n\\","<body>\\n\\","<!-- utility2-comment\\n\\","<div id=\"ajaxProgressDiv1\" style=\"background: #d00; height: 2px; left: 0; margin: 0; padding: 0; position: fixed; top: 0; transition: background 0.5s, width 1.5s; width: 25%;\"></div>\\n\\","utility2-comment -->\\n\\","<h1>\\n\\","<!-- utility2-comment\\n\\","    <a\\n\\","        {{#if env.npm_package_homepage}}\\n\\","        href=\"{{env.npm_package_homepage}}\"\\n\\","        {{/if env.npm_package_homepage}}\\n\\","        target=\"_blank\"\\n\\","    >\\n\\","utility2-comment -->\\n\\","        {{env.npm_package_name}} (v{{env.npm_package_version}})\\n\\","<!-- utility2-comment\\n\\","    </a>\\n\\","utility2-comment -->\\n\\","</h1>\\n\\","<h3>{{env.npm_package_description}}</h3>\\n\\","<!-- utility2-comment\\n\\","<h4><a download href=\"assets.app.js\">download standalone app</a></h4>\\n\\","<button class=\"onclick onreset\" id=\"testRunButton1\">run internal test</button><br>\\n\\","<div id=\"testReportDiv1\" style=\"display: none;\"></div>\\n\\","utility2-comment -->\\n\\","\\n\\","\\n\\","\\n\\","<label>stderr and stdout</label>\\n\\","<textarea class=\"resettable\" id=\"outputTextareaStdout1\" readonly></textarea>\\n\\","<!-- utility2-comment\\n\\","{{#if isRollup}}\\n\\","<script src=\"assets.app.js\"></script>\\n\\","{{#unless isRollup}}\\n\\","utility2-comment -->\\n\\","<script src=\"assets.utility2.rollup.js\"></script>\\n\\","<script src=\"jsonp.utility2._stateInit?callback=window.utility2._stateInit\"></script>\\n\\","<script src=\"assets.npmtest_printer.rollup.js\"></script>\\n\\","<script src=\"assets.example.js\"></script>\\n\\","<script src=\"assets.test.js\"></script>\\n\\","<!-- utility2-comment\\n\\","{{/if isRollup}}\\n\\","utility2-comment -->\\n\\","<div class=\"utility2FooterDiv\">\\n\\","    [ this app was created with\\n\\","    <a href=\"https://github.com/kaizhu256/node-utility2\" target=\"_blank\">utility2</a>\\n\\","    ]\\n\\","</div>\\n\\","</body>\\n\\","</html>\\n\\","';","        /* jslint-ignore-end */","        if (local.templateRender) {","            local.assetsDict['/'] = local.templateRender(","                local.assetsDict['/assets.index.template.html'],","                {","                    env: local.objectSetDefault(local.env, {","                        npm_package_description: 'the greatest app in the world!',","                        npm_package_name: 'my-app',","                        npm_package_nameAlias: 'my_app',","                        npm_package_version: '0.0.1'","                    })","                }","            );","        } else {","            local.assetsDict['/'] = local.assetsDict['/assets.index.template.html']","                .replace((/\\{\\{env\\.(\\w+?)\\}\\}/g), function (match0, match1) {","                    // jslint-hack","                    String(match0);","                    switch (match1) {","                    case 'npm_package_description':","                        return 'the greatest app in the world!';","                    case 'npm_package_name':","                        return 'my-app';","                    case 'npm_package_nameAlias':","                        return 'my_app';","                    case 'npm_package_version':","                        return '0.0.1';","                    }","                });","        }","        // run the cli","        if (local.global.utility2_rollup || module !== require.main) {","            break;","        }","        local.assetsDict['/assets.example.js'] =","            local.assetsDict['/assets.example.js'] ||","            local.fs.readFileSync(__filename, 'utf8');","        // bug-workaround - long $npm_package_buildCustomOrg","        /* jslint-ignore-begin */","        local.assetsDict['/assets.npmtest_printer.rollup.js'] =","            local.assetsDict['/assets.npmtest_printer.rollup.js'] ||","            local.fs.readFileSync(","                local.npmtest_printer.__dirname + '/lib.npmtest_printer.js',","                'utf8'","            ).replace((/^#!/), '//');","        /* jslint-ignore-end */","        local.assetsDict['/favicon.ico'] = local.assetsDict['/favicon.ico'] || '';","        // if $npm_config_timeout_exit exists,","        // then exit this process after $npm_config_timeout_exit ms","        if (Number(process.env.npm_config_timeout_exit)) {","            setTimeout(process.exit, Number(process.env.npm_config_timeout_exit));","        }","        // start server","        if (local.global.utility2_serverHttp1) {","            break;","        }","        process.env.PORT = process.env.PORT || '8081';","        console.error('server starting on port ' + process.env.PORT);","        local.http.createServer(function (request, response) {","            request.urlParsed = local.url.parse(request.url);","            if (local.assetsDict[request.urlParsed.pathname] !== undefined) {","                response.end(local.assetsDict[request.urlParsed.pathname]);","                return;","            }","            response.statusCode = 404;","            response.end();","        }).listen(process.env.PORT);","        break;","    }","}());",""],"l":{"26":2,"28":2,"33":2,"35":2,"37":2,"38":2,"39":2,"44":1,"51":2,"55":2,"59":2,"61":2,"69":1,"70":2,"76":2,"79":2,"82":2,"83":2,"85":1,"89":2,"92":1,"93":1,"94":1,"96":1,"97":1,"100":1,"101":1,"103":1,"106":1,"108":2,"114":1,"116":1,"118":1,"123":1,"124":2,"125":2,"126":3,"127":3,"128":3,"129":3,"130":1,"133":3,"134":3,"139":3,"143":1,"144":3,"145":1,"149":1,"150":1,"158":1,"160":1,"161":1,"162":1,"164":1,"166":1,"258":1,"259":1,"271":1,"274":6,"275":6,"277":1,"279":2,"281":1,"283":2,"288":1,"289":1,"291":1,"296":1,"303":1,"306":1,"307":1,"310":1,"311":1,"313":1,"314":1,"315":1,"316":1,"317":1,"318":1,"319":1,"321":1,"322":1,"324":1}},"/home/travis/build/npmtest/node-npmtest-printer/node_modules/printer/lib/printer.js":{"path":"/home/travis/build/npmtest/node-npmtest-printer/node_modules/printer/lib/printer.js","s":{"1":4,"2":4,"3":4,"4":0,"5":0,"6":0,"7":0,"8":0,"9":0,"10":0,"11":0,"12":0,"13":0,"14":0,"15":0,"16":1,"17":0,"18":0,"19":0,"20":0,"21":0,"22":0,"23":0,"24":0,"25":1,"26":0,"27":0,"28":0,"29":0,"30":0,"31":1,"32":0,"33":0,"34":0,"35":1,"36":0,"37":0,"38":0,"39":0,"40":0,"41":0,"42":0,"43":1,"44":0,"45":1,"46":0,"47":1,"48":0,"49":0,"50":0,"51":0,"52":1,"53":0,"54":0,"55":0,"56":0,"57":0,"58":0,"59":0,"60":0,"61":0,"62":0,"63":0,"64":0,"65":0,"66":0,"67":1,"68":0,"69":0,"70":0,"71":0,"72":0,"73":0,"74":0,"75":0,"76":0,"77":0,"78":0,"79":0,"80":0,"81":0,"82":0,"83":0,"84":0,"85":0,"86":0,"87":0,"88":0,"89":0,"90":0,"91":0,"92":0,"93":0,"94":0,"95":0,"96":0,"97":0,"98":0,"99":0,"100":1,"101":0,"102":0,"103":0,"104":0,"105":0,"106":0,"107":0,"108":0,"109":0,"110":0,"111":0,"112":0,"113":0,"114":0,"115":0,"116":0,"117":0,"118":0,"119":0,"120":0,"121":0,"122":0,"123":0,"124":0,"125":0,"126":0,"127":0,"128":0,"129":0,"130":0,"131":0},"b":{"1":[4,0],"2":[0,0],"3":[0,0],"4":[0,0],"5":[0,0],"6":[0,0],"7":[0,0],"8":[0,0],"9":[0,0],"10":[0,0,0],"11":[0,0],"12":[0,0],"13":[0,0],"14":[0,0],"15":[0,0,0],"16":[0,0],"17":[0,0],"18":[0,0],"19":[0,0],"20":[0,0],"21":[0,0],"22":[0,0],"23":[0,0],"24":[0,0],"25":[0,0],"26":[0,0],"27":[0,0],"28":[0,0],"29":[0,0],"30":[0,0],"31":[0,0],"32":[0,0],"33":[0,0],"34":[0,0]},"f":{"1":0,"2":0,"3":0,"4":0,"5":0,"6":0,"7":0,"8":0,"9":0,"10":0,"11":0,"12":0,"13":0},"fnMap":{"1":{"name":"getDefaultPrinterName","line":55,"loc":{"start":{"line":55,"column":0},"end":{"line":55,"column":33}}},"2":{"name":"getPrinter","line":78,"loc":{"start":{"line":78,"column":0},"end":{"line":79,"column":0}}},"3":{"name":"getPrinterDriverOptions","line":92,"loc":{"start":{"line":92,"column":0},"end":{"line":93,"column":0}}},"4":{"name":"getSelectedPaperSize","line":105,"loc":{"start":{"line":105,"column":0},"end":{"line":105,"column":42}}},"5":{"name":"(anonymous_5)","line":109,"loc":{"start":{"line":109,"column":53},"end":{"line":109,"column":66}}},"6":{"name":"getJob","line":117,"loc":{"start":{"line":117,"column":0},"end":{"line":118,"column":0}}},"7":{"name":"setJob","line":122,"loc":{"start":{"line":122,"column":0},"end":{"line":123,"column":0}}},"8":{"name":"getPrinters","line":127,"loc":{"start":{"line":127,"column":0},"end":{"line":127,"column":22}}},"9":{"name":"correctPrinterinfo","line":135,"loc":{"start":{"line":135,"column":0},"end":{"line":135,"column":37}}},"10":{"name":"printDirect","line":186,"loc":{"start":{"line":186,"column":0},"end":{"line":186,"column":32}}},"11":{"name":"printFile","line":259,"loc":{"start":{"line":259,"column":0},"end":{"line":259,"column":30}}},"12":{"name":"(anonymous_12)","line":279,"loc":{"start":{"line":279,"column":18},"end":{"line":279,"column":28}}},"13":{"name":"(anonymous_13)","line":283,"loc":{"start":{"line":283,"column":16},"end":{"line":283,"column":29}}}},"statementMap":{"1":{"start":{"line":1,"column":0},"end":{"line":7,"column":19}},"2":{"start":{"line":9,"column":0},"end":{"line":13,"column":1}},"3":{"start":{"line":10,"column":4},"end":{"line":10,"column":46}},"4":{"start":{"line":12,"column":4},"end":{"line":12,"column":90}},"5":{"start":{"line":17,"column":0},"end":{"line":17,"column":41}},"6":{"start":{"line":21,"column":0},"end":{"line":21,"column":41}},"7":{"start":{"line":24,"column":0},"end":{"line":24,"column":37}},"8":{"start":{"line":28,"column":0},"end":{"line":28,"column":82}},"9":{"start":{"line":34,"column":0},"end":{"line":34,"column":80}},"10":{"start":{"line":38,"column":0},"end":{"line":38,"column":39}},"11":{"start":{"line":39,"column":0},"end":{"line":39,"column":59}},"12":{"start":{"line":40,"column":0},"end":{"line":40,"column":65}},"13":{"start":{"line":43,"column":0},"end":{"line":43,"column":61}},"14":{"start":{"line":47,"column":0},"end":{"line":47,"column":31}},"15":{"start":{"line":48,"column":0},"end":{"line":48,"column":31}},"16":{"start":{"line":55,"column":0},"end":{"line":71,"column":1}},"17":{"start":{"line":56,"column":2},"end":{"line":56,"column":59}},"18":{"start":{"line":57,"column":2},"end":{"line":59,"column":3}},"19":{"start":{"line":58,"column":4},"end":{"line":58,"column":23}},"20":{"start":{"line":62,"column":2},"end":{"line":62,"column":30}},"21":{"start":{"line":63,"column":2},"end":{"line":68,"column":3}},"22":{"start":{"line":64,"column":4},"end":{"line":64,"column":30}},"23":{"start":{"line":65,"column":4},"end":{"line":67,"column":5}},"24":{"start":{"line":66,"column":6},"end":{"line":66,"column":26}},"25":{"start":{"line":78,"column":0},"end":{"line":86,"column":1}},"26":{"start":{"line":80,"column":4},"end":{"line":82,"column":5}},"27":{"start":{"line":81,"column":8},"end":{"line":81,"column":46}},"28":{"start":{"line":83,"column":4},"end":{"line":83,"column":57}},"29":{"start":{"line":84,"column":4},"end":{"line":84,"column":32}},"30":{"start":{"line":85,"column":4},"end":{"line":85,"column":19}},"31":{"start":{"line":92,"column":0},"end":{"line":99,"column":1}},"32":{"start":{"line":94,"column":4},"end":{"line":96,"column":5}},"33":{"start":{"line":95,"column":8},"end":{"line":95,"column":46}},"34":{"start":{"line":98,"column":4},"end":{"line":98,"column":63}},"35":{"start":{"line":105,"column":0},"end":{"line":115,"column":1}},"36":{"start":{"line":106,"column":4},"end":{"line":106,"column":62}},"37":{"start":{"line":107,"column":4},"end":{"line":107,"column":26}},"38":{"start":{"line":108,"column":4},"end":{"line":113,"column":5}},"39":{"start":{"line":109,"column":8},"end":{"line":112,"column":11}},"40":{"start":{"line":110,"column":12},"end":{"line":111,"column":35}},"41":{"start":{"line":111,"column":16},"end":{"line":111,"column":35}},"42":{"start":{"line":114,"column":4},"end":{"line":114,"column":24}},"43":{"start":{"line":117,"column":0},"end":{"line":120,"column":1}},"44":{"start":{"line":119,"column":4},"end":{"line":119,"column":53}},"45":{"start":{"line":122,"column":0},"end":{"line":125,"column":1}},"46":{"start":{"line":124,"column":4},"end":{"line":124,"column":62}},"47":{"start":{"line":127,"column":0},"end":{"line":133,"column":1}},"48":{"start":{"line":128,"column":4},"end":{"line":128,"column":48}},"49":{"start":{"line":129,"column":4},"end":{"line":131,"column":5}},"50":{"start":{"line":130,"column":8},"end":{"line":130,"column":40}},"51":{"start":{"line":132,"column":4},"end":{"line":132,"column":20}},"52":{"start":{"line":135,"column":0},"end":{"line":161,"column":1}},"53":{"start":{"line":136,"column":4},"end":{"line":138,"column":5}},"54":{"start":{"line":137,"column":8},"end":{"line":137,"column":15}},"55":{"start":{"line":140,"column":4},"end":{"line":140,"column":50}},"56":{"start":{"line":142,"column":4},"end":{"line":150,"column":5}},"57":{"start":{"line":143,"column":8},"end":{"line":143,"column":23}},"58":{"start":{"line":145,"column":9},"end":{"line":150,"column":5}},"59":{"start":{"line":146,"column":8},"end":{"line":146,"column":27}},"60":{"start":{"line":148,"column":9},"end":{"line":150,"column":5}},"61":{"start":{"line":149,"column":8},"end":{"line":149,"column":26}},"62":{"start":{"line":153,"column":4},"end":{"line":153,"column":10}},"63":{"start":{"line":154,"column":4},"end":{"line":158,"column":5}},"64":{"start":{"line":155,"column":8},"end":{"line":157,"column":9}},"65":{"start":{"line":156,"column":12},"end":{"line":156,"column":69}},"66":{"start":{"line":160,"column":4},"end":{"line":160,"column":28}},"67":{"start":{"line":186,"column":0},"end":{"line":248,"column":1}},"68":{"start":{"line":187,"column":4},"end":{"line":193,"column":16}},"69":{"start":{"line":195,"column":4},"end":{"line":212,"column":5}},"70":{"start":{"line":198,"column":8},"end":{"line":198,"column":31}},"71":{"start":{"line":199,"column":8},"end":{"line":199,"column":37}},"72":{"start":{"line":200,"column":8},"end":{"line":200,"column":37}},"73":{"start":{"line":201,"column":8},"end":{"line":201,"column":31}},"74":{"start":{"line":202,"column":8},"end":{"line":202,"column":41}},"75":{"start":{"line":203,"column":8},"end":{"line":203,"column":37}},"76":{"start":{"line":204,"column":8},"end":{"line":204,"column":33}},"77":{"start":{"line":206,"column":8},"end":{"line":206,"column":31}},"78":{"start":{"line":207,"column":8},"end":{"line":207,"column":28}},"79":{"start":{"line":208,"column":8},"end":{"line":208,"column":31}},"80":{"start":{"line":209,"column":8},"end":{"line":209,"column":31}},"81":{"start":{"line":210,"column":8},"end":{"line":210,"column":31}},"82":{"start":{"line":211,"column":8},"end":{"line":211,"column":29}},"83":{"start":{"line":214,"column":4},"end":{"line":216,"column":5}},"84":{"start":{"line":215,"column":8},"end":{"line":215,"column":21}},"85":{"start":{"line":219,"column":4},"end":{"line":221,"column":5}},"86":{"start":{"line":220,"column":8},"end":{"line":220,"column":42}},"87":{"start":{"line":223,"column":4},"end":{"line":223,"column":30}},"88":{"start":{"line":225,"column":4},"end":{"line":227,"column":5}},"89":{"start":{"line":226,"column":8},"end":{"line":226,"column":35}},"90":{"start":{"line":229,"column":4},"end":{"line":231,"column":5}},"91":{"start":{"line":230,"column":8},"end":{"line":230,"column":21}},"92":{"start":{"line":234,"column":4},"end":{"line":247,"column":5}},"93":{"start":{"line":235,"column":8},"end":{"line":244,"column":9}},"94":{"start":{"line":236,"column":12},"end":{"line":236,"column":88}},"95":{"start":{"line":237,"column":12},"end":{"line":241,"column":13}},"96":{"start":{"line":238,"column":16},"end":{"line":238,"column":29}},"97":{"start":{"line":240,"column":16},"end":{"line":240,"column":63}},"98":{"start":{"line":243,"column":12},"end":{"line":243,"column":21}},"99":{"start":{"line":246,"column":8},"end":{"line":246,"column":31}},"100":{"start":{"line":259,"column":0},"end":{"line":324,"column":1}},"101":{"start":{"line":260,"column":4},"end":{"line":265,"column":14}},"102":{"start":{"line":267,"column":4},"end":{"line":269,"column":5}},"103":{"start":{"line":268,"column":8},"end":{"line":268,"column":57}},"104":{"start":{"line":271,"column":4},"end":{"line":271,"column":35}},"105":{"start":{"line":272,"column":4},"end":{"line":272,"column":33}},"106":{"start":{"line":273,"column":4},"end":{"line":273,"column":33}},"107":{"start":{"line":274,"column":4},"end":{"line":274,"column":39}},"108":{"start":{"line":275,"column":4},"end":{"line":275,"column":33}},"109":{"start":{"line":276,"column":4},"end":{"line":276,"column":29}},"110":{"start":{"line":278,"column":4},"end":{"line":280,"column":5}},"111":{"start":{"line":279,"column":8},"end":{"line":279,"column":31}},"112":{"start":{"line":282,"column":4},"end":{"line":286,"column":5}},"113":{"start":{"line":283,"column":8},"end":{"line":285,"column":10}},"114":{"start":{"line":284,"column":12},"end":{"line":284,"column":22}},"115":{"start":{"line":288,"column":4},"end":{"line":291,"column":5}},"116":{"start":{"line":289,"column":8},"end":{"line":289,"column":64}},"117":{"start":{"line":290,"column":8},"end":{"line":290,"column":26}},"118":{"start":{"line":294,"column":4},"end":{"line":296,"column":5}},"119":{"start":{"line":295,"column":8},"end":{"line":295,"column":42}},"120":{"start":{"line":298,"column":4},"end":{"line":300,"column":5}},"121":{"start":{"line":299,"column":8},"end":{"line":299,"column":87}},"122":{"start":{"line":303,"column":4},"end":{"line":305,"column":5}},"123":{"start":{"line":304,"column":8},"end":{"line":304,"column":27}},"124":{"start":{"line":308,"column":4},"end":{"line":323,"column":5}},"125":{"start":{"line":309,"column":8},"end":{"line":320,"column":9}},"126":{"start":{"line":311,"column":12},"end":{"line":311,"column":84}},"127":{"start":{"line":313,"column":12},"end":{"line":317,"column":13}},"128":{"start":{"line":314,"column":16},"end":{"line":314,"column":29}},"129":{"start":{"line":316,"column":16},"end":{"line":316,"column":34}},"130":{"start":{"line":319,"column":12},"end":{"line":319,"column":21}},"131":{"start":{"line":322,"column":8},"end":{"line":322,"column":31}}},"branchMap":{"1":{"line":9,"type":"if","locations":[{"start":{"line":9,"column":0},"end":{"line":9,"column":0}},{"start":{"line":9,"column":0},"end":{"line":9,"column":0}}]},"2":{"line":57,"type":"if","locations":[{"start":{"line":57,"column":2},"end":{"line":57,"column":2}},{"start":{"line":57,"column":2},"end":{"line":57,"column":2}}]},"3":{"line":65,"type":"if","locations":[{"start":{"line":65,"column":4},"end":{"line":65,"column":4}},{"start":{"line":65,"column":4},"end":{"line":65,"column":4}}]},"4":{"line":80,"type":"if","locations":[{"start":{"line":80,"column":4},"end":{"line":80,"column":4}},{"start":{"line":80,"column":4},"end":{"line":80,"column":4}}]},"5":{"line":94,"type":"if","locations":[{"start":{"line":94,"column":4},"end":{"line":94,"column":4}},{"start":{"line":94,"column":4},"end":{"line":94,"column":4}}]},"6":{"line":108,"type":"if","locations":[{"start":{"line":108,"column":4},"end":{"line":108,"column":4}},{"start":{"line":108,"column":4},"end":{"line":108,"column":4}}]},"7":{"line":108,"type":"binary-expr","locations":[{"start":{"line":108,"column":8},"end":{"line":108,"column":22}},{"start":{"line":108,"column":26},"end":{"line":108,"column":49}}]},"8":{"line":110,"type":"if","locations":[{"start":{"line":110,"column":12},"end":{"line":110,"column":12}},{"start":{"line":110,"column":12},"end":{"line":110,"column":12}}]},"9":{"line":136,"type":"if","locations":[{"start":{"line":136,"column":4},"end":{"line":136,"column":4}},{"start":{"line":136,"column":4},"end":{"line":136,"column":4}}]},"10":{"line":136,"type":"binary-expr","locations":[{"start":{"line":136,"column":7},"end":{"line":136,"column":21}},{"start":{"line":136,"column":25},"end":{"line":136,"column":41}},{"start":{"line":136,"column":45},"end":{"line":136,"column":78}}]},"11":{"line":142,"type":"if","locations":[{"start":{"line":142,"column":4},"end":{"line":142,"column":4}},{"start":{"line":142,"column":4},"end":{"line":142,"column":4}}]},"12":{"line":145,"type":"if","locations":[{"start":{"line":145,"column":9},"end":{"line":145,"column":9}},{"start":{"line":145,"column":9},"end":{"line":145,"column":9}}]},"13":{"line":148,"type":"if","locations":[{"start":{"line":148,"column":9},"end":{"line":148,"column":9}},{"start":{"line":148,"column":9},"end":{"line":148,"column":9}}]},"14":{"line":155,"type":"if","locations":[{"start":{"line":155,"column":8},"end":{"line":155,"column":8}},{"start":{"line":155,"column":8},"end":{"line":155,"column":8}}]},"15":{"line":155,"type":"binary-expr","locations":[{"start":{"line":155,"column":11},"end":{"line":155,"column":26}},{"start":{"line":155,"column":30},"end":{"line":155,"column":48}},{"start":{"line":155,"column":52},"end":{"line":155,"column":89}}]},"16":{"line":195,"type":"if","locations":[{"start":{"line":195,"column":4},"end":{"line":195,"column":4}},{"start":{"line":195,"column":4},"end":{"line":195,"column":4}}]},"17":{"line":202,"type":"binary-expr","locations":[{"start":{"line":202,"column":18},"end":{"line":202,"column":36}},{"start":{"line":202,"column":38},"end":{"line":202,"column":40}}]},"18":{"line":214,"type":"if","locations":[{"start":{"line":214,"column":4},"end":{"line":214,"column":4}},{"start":{"line":214,"column":4},"end":{"line":214,"column":4}}]},"19":{"line":219,"type":"if","locations":[{"start":{"line":219,"column":4},"end":{"line":219,"column":4}},{"start":{"line":219,"column":4},"end":{"line":219,"column":4}}]},"20":{"line":225,"type":"if","locations":[{"start":{"line":225,"column":4},"end":{"line":225,"column":4}},{"start":{"line":225,"column":4},"end":{"line":225,"column":4}}]},"21":{"line":229,"type":"if","locations":[{"start":{"line":229,"column":4},"end":{"line":229,"column":4}},{"start":{"line":229,"column":4},"end":{"line":229,"column":4}}]},"22":{"line":234,"type":"if","locations":[{"start":{"line":234,"column":4},"end":{"line":234,"column":4}},{"start":{"line":234,"column":4},"end":{"line":234,"column":4}}]},"23":{"line":237,"type":"if","locations":[{"start":{"line":237,"column":12},"end":{"line":237,"column":12}},{"start":{"line":237,"column":12},"end":{"line":237,"column":12}}]},"24":{"line":267,"type":"if","locations":[{"start":{"line":267,"column":4},"end":{"line":267,"column":4}},{"start":{"line":267,"column":4},"end":{"line":267,"column":4}}]},"25":{"line":267,"type":"binary-expr","locations":[{"start":{"line":267,"column":8},"end":{"line":267,"column":30}},{"start":{"line":267,"column":36},"end":{"line":267,"column":67}}]},"26":{"line":274,"type":"binary-expr","locations":[{"start":{"line":274,"column":14},"end":{"line":274,"column":32}},{"start":{"line":274,"column":36},"end":{"line":274,"column":38}}]},"27":{"line":278,"type":"if","locations":[{"start":{"line":278,"column":4},"end":{"line":278,"column":4}},{"start":{"line":278,"column":4},"end":{"line":278,"column":4}}]},"28":{"line":282,"type":"if","locations":[{"start":{"line":282,"column":4},"end":{"line":282,"column":4}},{"start":{"line":282,"column":4},"end":{"line":282,"column":4}}]},"29":{"line":288,"type":"if","locations":[{"start":{"line":288,"column":4},"end":{"line":288,"column":4}},{"start":{"line":288,"column":4},"end":{"line":288,"column":4}}]},"30":{"line":294,"type":"if","locations":[{"start":{"line":294,"column":4},"end":{"line":294,"column":4}},{"start":{"line":294,"column":4},"end":{"line":294,"column":4}}]},"31":{"line":298,"type":"if","locations":[{"start":{"line":298,"column":4},"end":{"line":298,"column":4}},{"start":{"line":298,"column":4},"end":{"line":298,"column":4}}]},"32":{"line":303,"type":"if","locations":[{"start":{"line":303,"column":4},"end":{"line":303,"column":4}},{"start":{"line":303,"column":4},"end":{"line":303,"column":4}}]},"33":{"line":308,"type":"if","locations":[{"start":{"line":308,"column":4},"end":{"line":308,"column":4}},{"start":{"line":308,"column":4},"end":{"line":308,"column":4}}]},"34":{"line":313,"type":"if","locations":[{"start":{"line":313,"column":12},"end":{"line":313,"column":12}},{"start":{"line":313,"column":12},"end":{"line":313,"column":12}}]}},"code":["var printer_helper = {},","    fs = require(\"fs\"),","    child_process = require(\"child_process\"),","    os = require(\"os\"),","    path = require(\"path\"),","    native_lib_path = path.join(__dirname, '../build/Release/node_printer.node'),","    printer_helper;","","if(fs.existsSync(native_lib_path)) {","    printer_helper = require(native_lib_path);","} else {","    printer_helper = require('./node_printer_'+process.platform+'_'+process.arch+'.node');","}","","/** Return all installed printers including active jobs"," */","module.exports.getPrinters = getPrinters;","","/** send data to printer"," */","module.exports.printDirect = printDirect;","","/// send file to printer","module.exports.printFile = printFile;","","/** Get supported print format for printDirect"," */","module.exports.getSupportedPrintFormats = printer_helper.getSupportedPrintFormats;","","/**"," * Get possible job command for setJob. It depends on os."," * @return Array of string. e.g.: DELETE, PAUSE, RESUME"," */","module.exports.getSupportedJobCommands = printer_helper.getSupportedJobCommands;","","/** get printer info object. It includes all active jobs"," */","module.exports.getPrinter = getPrinter;","module.exports.getSelectedPaperSize = getSelectedPaperSize;","module.exports.getPrinterDriverOptions = getPrinterDriverOptions;","","/// Return default printer name","module.exports.getDefaultPrinterName = getDefaultPrinterName;","","/** get printer job info object"," */","module.exports.getJob = getJob;","module.exports.setJob = setJob;","","/**"," * return user defined printer, according to https://www.cups.org/documentation.php/doc-2.0/api-cups.html#cupsGetDefault2 :"," * \"Applications should use the cupsGetDests and cupsGetDest functions to get the user-defined default printer,"," * as this function does not support the lpoptions-defined default printer\""," */","function getDefaultPrinterName() {","  var printerName = printer_helper.getDefaultPrinterName();","  if(printerName) {","    return printerName;","  }","","  // seems correct posix behaviour","  var printers= getPrinters();","  for(i in printers) {","    var printer = printers[i];","    if(printer.isDefault === true) {","      return printer.name;","    }","  }","","  // printer not found, return nothing(undefined)","}","","/** Get printer info with jobs"," * @param printerName printer name to extract the info"," * @return printer object info:"," *\t\tTODO: to enum all possible attributes"," */","function getPrinter(printerName)","{","    if(!printerName) {","        printerName = getDefaultPrinterName();","    }","    var printer = printer_helper.getPrinter(printerName);","    correctPrinterinfo(printer);","    return printer;","}","","/** Get printer driver options includes advanced options like supported paper size"," * @param printerName printer name to extract the info (default printer used if printer is not provided)"," * @return printer driver info:"," */","function getPrinterDriverOptions(printerName)","{","    if(!printerName) {","        printerName = getDefaultPrinterName();","    }","","    return printer_helper.getPrinterDriverOptions(printerName);","}","","/** Finds selected paper size pertaining to the specific printer out of all supported ones in driver_options"," * @param printerName printer name to extract the info (default printer used if printer is not provided)"," * @return selected paper size"," */","function getSelectedPaperSize(printerName){","    var driver_options = getPrinterDriverOptions(printerName);","    var selectedSize = \"\";","    if (driver_options && driver_options.PageSize) {","        Object.keys(driver_options.PageSize).forEach(function(key){","            if (driver_options.PageSize[key])","                selectedSize = key;","        });","    }","    return selectedSize;","}","","function getJob(printerName, jobId)","{","    return printer_helper.getJob(printerName, jobId);","}","","function setJob(printerName, jobId, command)","{","    return printer_helper.setJob(printerName, jobId, command);","}","","function getPrinters(){","    var printers = printer_helper.getPrinters();","    for(i in printers){","        correctPrinterinfo(printers[i]);","    }","    return printers;","}","","function correctPrinterinfo(printer) {","    if(printer.status || !printer.options || !printer.options['printer-state']){","        return;","    }","","    var status = printer.options['printer-state'];","    // Add posix status","    if(status == '3'){","        status = 'IDLE'","    }","    else if(status == '4'){","        status = 'PRINTING'","    }","    else if(status == '5'){","        status = 'STOPPED'","    }","","    // correct date type","    var k;","    for(k in printer.options) {","        if(/time$/.test(k) && printer.options[k] && !(printer.options[k] instanceof Date)) {","            printer.options[k] = new Date(printer.options[k] * 1000);","        }","    }","","    printer.status = status;","}","","/*"," print raw data. This function is intend to be asynchronous",""," parameters:"," parameters - Object, parameters objects with the following structure:"," data - String, mandatory, data to printer"," printer - String, optional, name of the printer, if missing, will try to print to default printer"," docname - String, optional, name of document showed in printer status"," type - String, optional, only for wind32, data type, one of the RAW, TEXT"," options - JS object with CUPS options, optional"," success - Function, optional, callback function"," error - Function, optional, callback function if exists any error",""," or",""," data - String, mandatory, data to printer"," printer - String, optional, name of the printer, if missing, will try to print to default printer"," docname - String, optional, name of document showed in printer status"," type - String, optional, data type, one of the RAW, TEXT"," options - JS object with CUPS options, optional"," success - Function, optional, callback function with first argument job_id"," error - Function, optional, callback function if exists any error"," */","function printDirect(parameters){","    var data = parameters","        , printer","        , docname","        , type","        , options","        , success","        , error;","","    if(arguments.length==1){","        //TODO: check parameters type","        //if (typeof parameters )","        data = parameters.data;","        printer = parameters.printer;","        docname = parameters.docname;","        type = parameters.type;","        options = parameters.options||{};","        success = parameters.success;","        error = parameters.error;","    }else{","        printer = arguments[1];","        type = arguments[2];","        docname = arguments[3];","        options = arguments[4];","        success = arguments[5];","        error = arguments[6];","    }","","    if(!type){","        type = \"RAW\";","    }","","    // Set default printer name","    if(!printer) {","        printer = getDefaultPrinterName();","    }","","    type = type.toUpperCase();","","    if(!docname){","        docname = \"node print job\";","    }","","    if (!options){","        options = {};","    }","","    //TODO: check parameters type","    if(printer_helper.printDirect){// call C++ binding","        try{","            var res = printer_helper.printDirect(data, printer, docname, type, options);","            if(res){","                success(res);","            }else{","                error(Error(\"Something wrong in printDirect\"));","            }","        }catch (e){","            error(e);","        }","    }else{","        error(\"Not supported\");","    }","}","","/**","parameters:","   parameters - Object, parameters objects with the following structure:","      filename - String, mandatory, data to printer","      docname - String, optional, name of document showed in printer status","      printer - String, optional, mane of the printer, if missed, will try to retrieve the default printer name","      success - Function, optional, callback function","      error - Function, optional, callback function if exists any error","*/","function printFile(parameters){","    var filename,","        docname,","        printer,","        options,","        success,","        error;","","    if((arguments.length !== 1) || (typeof(parameters) !== 'object')){","        throw new Error('must provide arguments object');","    }","","    filename = parameters.filename;","    docname = parameters.docname;","    printer = parameters.printer;","    options = parameters.options || {};","    success = parameters.success;","    error = parameters.error;","","    if(!success){","        success = function(){};","    }","","    if(!error){","        error = function(err){","            throw err;","        };","    }","","    if(!filename){","        var err = new Error('must provide at least a filename');","        return error(err);","    }","","    // try to define default printer name","    if(!printer) {","        printer = getDefaultPrinterName();","    }","","    if(!printer) {","        return error(new Error('Printer parameter of default printer is not defined'));","    }","","    // set filename if docname is missing","    if(!docname){","        docname = filename;","    }","","    //TODO: check parameters type","    if(printer_helper.printFile){// call C++ binding","        try{","            // TODO: proper success/error callbacks from the extension","            var res = printer_helper.printFile(filename, docname, printer, options);","","            if(!isNaN(parseInt(res))) {","                success(res);","            } else {","                error(Error(res));","            }","        } catch (e) {","            error(e);","        }","    } else {","        error(\"Not supported\");","    }","}",""],"l":{"1":4,"9":4,"10":4,"12":0,"17":0,"21":0,"24":0,"28":0,"34":0,"38":0,"39":0,"40":0,"43":0,"47":0,"48":0,"55":1,"56":0,"57":0,"58":0,"62":0,"63":0,"64":0,"65":0,"66":0,"78":1,"80":0,"81":0,"83":0,"84":0,"85":0,"92":1,"94":0,"95":0,"98":0,"105":1,"106":0,"107":0,"108":0,"109":0,"110":0,"111":0,"114":0,"117":1,"119":0,"122":1,"124":0,"127":1,"128":0,"129":0,"130":0,"132":0,"135":1,"136":0,"137":0,"140":0,"142":0,"143":0,"145":0,"146":0,"148":0,"149":0,"153":0,"154":0,"155":0,"156":0,"160":0,"186":1,"187":0,"195":0,"198":0,"199":0,"200":0,"201":0,"202":0,"203":0,"204":0,"206":0,"207":0,"208":0,"209":0,"210":0,"211":0,"214":0,"215":0,"219":0,"220":0,"223":0,"225":0,"226":0,"229":0,"230":0,"234":0,"235":0,"236":0,"237":0,"238":0,"240":0,"243":0,"246":0,"259":1,"260":0,"267":0,"268":0,"271":0,"272":0,"273":0,"274":0,"275":0,"276":0,"278":0,"279":0,"282":0,"283":0,"284":0,"288":0,"289":0,"290":0,"294":0,"295":0,"298":0,"299":0,"303":0,"304":0,"308":0,"309":0,"311":0,"313":0,"314":0,"316":0,"319":0,"322":0}},"/home/travis/build/npmtest/node-npmtest-printer/node_modules/printer/Gruntfile.js":{"path":"/home/travis/build/npmtest/node-npmtest-printer/node_modules/printer/Gruntfile.js","s":{"1":1,"2":0,"3":0,"4":0,"5":0,"6":0,"7":0,"8":0,"9":0,"10":0,"11":0,"12":0},"b":{},"f":{"1":0},"fnMap":{"1":{"name":"(anonymous_1)","line":1,"loc":{"start":{"line":1,"column":17},"end":{"line":1,"column":33}}}},"statementMap":{"1":{"start":{"line":1,"column":0},"end":{"line":75,"column":1}},"2":{"start":{"line":2,"column":4},"end":{"line":39,"column":7}},"3":{"start":{"line":41,"column":4},"end":{"line":41,"column":47}},"4":{"start":{"line":42,"column":4},"end":{"line":42,"column":41}},"5":{"start":{"line":43,"column":4},"end":{"line":43,"column":39}},"6":{"start":{"line":44,"column":4},"end":{"line":44,"column":45}},"7":{"start":{"line":46,"column":4},"end":{"line":49,"column":7}},"8":{"start":{"line":51,"column":4},"end":{"line":54,"column":7}},"9":{"start":{"line":56,"column":4},"end":{"line":59,"column":7}},"10":{"start":{"line":61,"column":4},"end":{"line":64,"column":7}},"11":{"start":{"line":66,"column":4},"end":{"line":69,"column":7}},"12":{"start":{"line":71,"column":4},"end":{"line":74,"column":7}}},"branchMap":{},"code":["module.exports = function(grunt) {","    grunt.initConfig({","        gyp: {","            ia32: {","                command: 'rebuild',","                options: {","                    arch: 'ia32'","                }","            },","            x64: {","                command: 'rebuild',","                options: {","                    arch: 'x64'","                }","            }","        },","        \"nw-gyp\": {","            ia32: {","                command: 'rebuild',","                options: {","                    arch: 'ia32'","                }","            },","            x64: {","                command: 'rebuild',","                options: {","                    arch: 'x64'","                }","            }","        },","        copy: {","            ia32: {","                files: [{src: 'build/Release/node_printer.node', dest: 'lib/node_printer_' + process.platform + '_ia32.node'}]","            },","            x64: {","                files: [{src: 'build/Release/node_printer.node', dest: 'lib/node_printer_' + process.platform + '_x64.node'}]","            }","        }","    });","","    grunt.loadNpmTasks('grunt-contrib-jshint');","    grunt.loadNpmTasks('grunt-node-gyp');","    grunt.loadNpmTasks('grunt-nw-gyp');","    grunt.loadNpmTasks('grunt-contrib-copy');","","    grunt.registerTask('build-nw-ia32', [","            'nw-gyp:ia32',","            'copy:ia32'","    ]);","","    grunt.registerTask('build-ia32', [","            'gyp:ia32',","            'copy:ia32'","    ]);","","    grunt.registerTask('build-x64', [","            'gyp:x64',","            'copy:x64'","    ]);","","    grunt.registerTask('build-nw-x64', [","            'nw-gyp:x64',","            'copy:x64'","    ]);","","    grunt.registerTask('build', [","            'build-ia32',","            'build-x64'","    ]);","","    grunt.registerTask('build-nw', [","            'build-nw-ia32',","            'build-nw-x64'","    ]);","}",""],"l":{"1":1,"2":0,"41":0,"42":0,"43":0,"44":0,"46":0,"51":0,"56":0,"61":0,"66":0,"71":0}},"/home/travis/build/npmtest/node-npmtest-printer/node_modules/printer/printer.js":{"path":"/home/travis/build/npmtest/node-npmtest-printer/node_modules/printer/printer.js","s":{"1":2},"b":{},"f":{},"fnMap":{},"statementMap":{"1":{"start":{"line":1,"column":0},"end":{"line":1,"column":42}}},"branchMap":{},"code":["module.exports = require('./lib/printer');"],"l":{"1":2}}}